# JRE version: Java(TM) SE Runtime Environment (7.0_79-b15) (build 1.7.0_79-b15)
# Java VM: Java HotSpot(TM) 64-Bit Server VM (24.79-b02 mixed mode windows-amd64 compressed oops)
Heap
 PSYoungGen      total 76288K, used 42632K [0x00000000f5500000, 0x00000000faa00000, 0x0000000100000000)
  eden space 65536K, 48% used [0x00000000f5500000,0x00000000f742a008,0x00000000f9500000)
  from space 10752K, 99% used [0x00000000f9f80000,0x00000000fa9f8178,0x00000000faa00000)
  to   space 10752K, 0% used [0x00000000f9500000,0x00000000f9500000,0x00000000f9f80000)
 ParOldGen       total 173568K, used 8369K [0x00000000e0000000, 0x00000000ea980000, 0x00000000f5500000)
  object space 173568K, 4% used [0x00000000e0000000,0x00000000e082c6f8,0x00000000ea980000)
 PSPermGen       total 29696K, used 29621K [0x00000000dae00000, 0x00000000dcb00000, 0x00000000e0000000)
  object space 29696K, 99% used [0x00000000dae00000,0x00000000dcaed578,0x00000000dcb00000)
GC Heap History (8 events):
Event: 2.101 GC heap before
{Heap before GC invocations=1 (full 0):
 PSYoungGen      total 76288K, used 65536K [0x00000000f5500000, 0x00000000faa00000, 0x0000000100000000)
  eden space 65536K, 100% used [0x00000000f5500000,0x00000000f9500000,0x00000000f9500000)
  from space 10752K, 0% used [0x00000000f9f80000,0x00000000f9f80000,0x00000000faa00000)
  to   space 10752K, 0% used [0x00000000f9500000,0x00000000f9500000,0x00000000f9f80000)
 ParOldGen       total 173568K, used 0K [0x00000000e0000000, 0x00000000ea980000, 0x00000000f5500000)
  object space 173568K, 0% used [0x00000000e0000000,0x00000000e0000000,0x00000000ea980000)
 PSPermGen       total 21504K, used 15184K [0x00000000dae00000, 0x00000000dc300000, 0x00000000e0000000)
  object space 21504K, 70% used [0x00000000dae00000,0x00000000dbcd43c8,0x00000000dc300000)
Event: 2.114 GC heap after
Heap after GC invocations=1 (full 0):
 PSYoungGen      total 76288K, used 9522K [0x00000000f5500000, 0x00000000faa00000, 0x0000000100000000)
  eden space 65536K, 0% used [0x00000000f5500000,0x00000000f5500000,0x00000000f9500000)
  from space 10752K, 88% used [0x00000000f9500000,0x00000000f9e4c818,0x00000000f9f80000)
  to   space 10752K, 0% used [0x00000000f9f80000,0x00000000f9f80000,0x00000000faa00000)
 ParOldGen       total 173568K, used 72K [0x00000000e0000000, 0x00000000ea980000, 0x00000000f5500000)
  object space 173568K, 0% used [0x00000000e0000000,0x00000000e0012010,0x00000000ea980000)
 PSPermGen       total 21504K, used 15184K [0x00000000dae00000, 0x00000000dc300000, 0x00000000e0000000)
  object space 21504K, 70% used [0x00000000dae00000,0x00000000dbcd43c8,0x00000000dc300000)
}
Event: 3.072 GC heap before
{Heap before GC invocations=2 (full 0):
 PSYoungGen      total 76288K, used 75058K [0x00000000f5500000, 0x00000000faa00000, 0x0000000100000000)
  eden space 65536K, 100% used [0x00000000f5500000,0x00000000f9500000,0x00000000f9500000)
  from space 10752K, 88% used [0x00000000f9500000,0x00000000f9e4c818,0x00000000f9f80000)
  to   space 10752K, 0% used [0x00000000f9f80000,0x00000000f9f80000,0x00000000faa00000)
 ParOldGen       total 173568K, used 72K [0x00000000e0000000, 0x00000000ea980000, 0x00000000f5500000)
  object space 173568K, 0% used [0x00000000e0000000,0x00000000e0012010,0x00000000ea980000)
 PSPermGen       total 21504K, used 17462K [0x00000000dae00000, 0x00000000dc300000, 0x00000000e0000000)
  object space 21504K, 81% used [0x00000000dae00000,0x00000000dbf0d870,0x00000000dc300000)
Event: 3.086 GC heap after
Heap after GC invocations=2 (full 0):
 PSYoungGen      total 76288K, used 10740K [0x00000000f5500000, 0x00000000fea00000, 0x0000000100000000)
  eden space 65536K, 0% used [0x00000000f5500000,0x00000000f5500000,0x00000000f9500000)
  from space 10752K, 99% used [0x00000000f9f80000,0x00000000fa9fd2f8,0x00000000faa00000)
  to   space 10752K, 0% used [0x00000000f9500000,0x00000000f9500000,0x00000000f9f80000)
 ParOldGen       total 173568K, used 868K [0x00000000e0000000, 0x00000000ea980000, 0x00000000f5500000)
  object space 173568K, 0% used [0x00000000e0000000,0x00000000e00d90d8,0x00000000ea980000)
 PSPermGen       total 21504K, used 17462K [0x00000000dae00000, 0x00000000dc300000, 0x00000000e0000000)
  object space 21504K, 81% used [0x00000000dae00000,0x00000000dbf0d870,0x00000000dc300000)
}
Event: 12.875 GC heap before
{Heap before GC invocations=3 (full 0):
 PSYoungGen      total 76288K, used 76276K [0x00000000f5500000, 0x00000000fea00000, 0x0000000100000000)
  eden space 65536K, 100% used [0x00000000f5500000,0x00000000f9500000,0x00000000f9500000)
  from space 10752K, 99% used [0x00000000f9f80000,0x00000000fa9fd2f8,0x00000000faa00000)
  to   space 10752K, 0% used [0x00000000f9500000,0x00000000f9500000,0x00000000f9f80000)
 ParOldGen       total 173568K, used 868K [0x00000000e0000000, 0x00000000ea980000, 0x00000000f5500000)
  object space 173568K, 0% used [0x00000000e0000000,0x00000000e00d90d8,0x00000000ea980000)
 PSPermGen       total 23552K, used 23101K [0x00000000dae00000, 0x00000000dc500000, 0x00000000e0000000)
  object space 23552K, 98% used [0x00000000dae00000,0x00000000dc48f458,0x00000000dc500000)
Event: 12.888 GC heap after
Heap after GC invocations=3 (full 0):
 PSYoungGen      total 76288K, used 10741K [0x00000000f5500000, 0x00000000faa00000, 0x0000000100000000)
  eden space 65536K, 0% used [0x00000000f5500000,0x00000000f5500000,0x00000000f9500000)
  from space 10752K, 99% used [0x00000000f9500000,0x00000000f9f7d6b0,0x00000000f9f80000)
  to   space 10752K, 0% used [0x00000000f9f80000,0x00000000f9f80000,0x00000000faa00000)
 ParOldGen       total 173568K, used 4412K [0x00000000e0000000, 0x00000000ea980000, 0x00000000f5500000)
  object space 173568K, 2% used [0x00000000e0000000,0x00000000e044f1f0,0x00000000ea980000)
 PSPermGen       total 23552K, used 23101K [0x00000000dae00000, 0x00000000dc500000, 0x00000000e0000000)
  object space 23552K, 98% used [0x00000000dae00000,0x00000000dc48f458,0x00000000dc500000)
}
Event: 15.035 GC heap before
{Heap before GC invocations=4 (full 0):
 PSYoungGen      total 76288K, used 76277K [0x00000000f5500000, 0x00000000faa00000, 0x0000000100000000)
  eden space 65536K, 100% used [0x00000000f5500000,0x00000000f9500000,0x00000000f9500000)
  from space 10752K, 99% used [0x00000000f9500000,0x00000000f9f7d6b0,0x00000000f9f80000)
  to   space 10752K, 0% used [0x00000000f9f80000,0x00000000f9f80000,0x00000000faa00000)
 ParOldGen       total 173568K, used 4412K [0x00000000e0000000, 0x00000000ea980000, 0x00000000f5500000)
  object space 173568K, 2% used [0x00000000e0000000,0x00000000e044f1f0,0x00000000ea980000)
 PSPermGen       total 29184K, used 28891K [0x00000000dae00000, 0x00000000dca80000, 0x00000000e0000000)
  object space 29184K, 98% used [0x00000000dae00000,0x00000000dca36ca8,0x00000000dca80000)
Event: 15.049 GC heap after
Heap after GC invocations=4 (full 0):
 PSYoungGen      total 76288K, used 10720K [0x00000000f5500000, 0x00000000faa00000, 0x0000000100000000)
  eden space 65536K, 0% used [0x00000000f5500000,0x00000000f5500000,0x00000000f9500000)
  from space 10752K, 99% used [0x00000000f9f80000,0x00000000fa9f8178,0x00000000faa00000)
  to   space 10752K, 0% used [0x00000000f9500000,0x00000000f9500000,0x00000000f9f80000)
 ParOldGen       total 173568K, used 8369K [0x00000000e0000000, 0x00000000ea980000, 0x00000000f5500000)
  object space 173568K, 4% used [0x00000000e0000000,0x00000000e082c6f8,0x00000000ea980000)
 PSPermGen       total 29184K, used 28891K [0x00000000dae00000, 0x00000000dca80000, 0x00000000e0000000)
  object space 29184K, 98% used [0x00000000dae00000,0x00000000dca36ca8,0x00000000dca80000)
}

